0 <1,2,3,4,5,6,7,8,> <0,0,0,0,0,0,0,0,> <0,0,0,0,0,0,0,0,> 
1 (1 3) <1,2,3,4,0,6,7,8,> <0,0,0,0,0,0,0,0,> <0,0,0,0,5,0,0,0,> 
2 (1 2) <1,2,3,0,0,6,7,8,> <0,0,0,4,0,0,0,0,> <0,0,0,0,5,0,0,0,> 
3 (1 2) <1,2,3,0,0,0,7,8,> <0,0,0,4,0,6,0,0,> <0,0,0,0,5,0,0,0,> 
4 (3 2) <1,2,3,0,0,0,7,8,> <0,0,0,4,5,6,0,0,> <0,0,0,0,0,0,0,0,> 
5 (1 3) <1,2,0,0,0,0,7,8,> <0,0,0,4,5,6,0,0,> <0,0,3,0,0,0,0,0,> 
6 (1 3) <1,2,0,0,0,0,0,8,> <0,0,0,4,5,6,0,0,> <0,0,3,0,0,0,7,0,> 
7 (2 1) <1,2,0,0,5,0,0,8,> <0,0,0,4,0,6,0,0,> <0,0,3,0,0,0,7,0,> 
8 (2 3) <1,2,0,0,5,0,0,8,> <0,0,0,4,0,0,0,0,> <0,0,3,0,0,6,7,0,> 
9 (2 1) <1,2,0,4,5,0,0,8,> <0,0,0,0,0,0,0,0,> <0,0,3,0,0,6,7,0,> 
10 (3 2) <1,2,0,4,5,0,0,8,> <0,0,0,0,0,6,0,0,> <0,0,3,0,0,0,7,0,> 
11 (1 3) <1,2,0,0,5,0,0,8,> <0,0,0,0,0,6,0,0,> <0,0,3,4,0,0,7,0,> 
12 (2 3) <1,2,0,0,5,0,0,8,> <0,0,0,0,0,0,0,0,> <0,0,3,4,0,6,7,0,> 
13 (1 3) <1,2,0,0,0,0,0,8,> <0,0,0,0,0,0,0,0,> <0,0,3,4,5,6,7,0,> 
14 (1 2) <1,0,0,0,0,0,0,8,> <0,2,0,0,0,0,0,0,> <0,0,3,4,5,6,7,0,> 
15 (1 2) <1,0,0,0,0,0,0,0,> <0,2,0,0,0,0,0,8,> <0,0,3,4,5,6,7,0,> 
16 (3 2) <1,0,0,0,0,0,0,0,> <0,2,0,0,5,0,0,8,> <0,0,3,4,0,6,7,0,> 
17 (3 1) <1,0,0,0,0,6,0,0,> <0,2,0,0,5,0,0,8,> <0,0,3,4,0,0,7,0,> 
18 (2 1) <1,0,0,0,5,6,0,0,> <0,2,0,0,0,0,0,8,> <0,0,3,4,0,0,7,0,> 
19 (3 2) <1,0,0,0,5,6,0,0,> <0,2,0,4,0,0,0,8,> <0,0,3,0,0,0,7,0,> 
20 (3 2) <1,0,0,0,5,6,0,0,> <0,2,0,4,0,0,7,8,> <0,0,3,0,0,0,0,0,>
21 (1 2) <1,0,0,0,0,6,0,0,> <0,2,0,4,5,0,7,8,> <0,0,3,0,0,0,0,0,> 
22 (3 1) <1,0,3,0,0,6,0,0,> <0,2,0,4,5,0,7,8,> <0,0,0,0,0,0,0,0,> 
23 (2 1) <1,0,3,0,5,6,0,0,> <0,2,0,4,0,0,7,8,> <0,0,0,0,0,0,0,0,> 
24 (2 3) <1,0,3,0,5,6,0,0,> <0,2,0,4,0,0,0,8,> <0,0,0,0,0,0,7,0,> 
25 (2 1) <1,0,3,4,5,6,0,0,> <0,2,0,0,0,0,0,8,> <0,0,0,0,0,0,7,0,> 
26 (3 2) <1,0,3,4,5,6,0,0,> <0,2,0,0,0,0,7,8,> <0,0,0,0,0,0,0,0,> 
27 (1 3) <1,0,3,0,5,6,0,0,> <0,2,0,0,0,0,7,8,> <0,0,0,4,0,0,0,0,> 
28 (2 3) <1,0,3,0,5,6,0,0,> <0,2,0,0,0,0,0,8,> <0,0,0,4,0,0,7,0,> 
29 (1 3) <1,0,3,0,0,6,0,0,> <0,2,0,0,0,0,0,8,> <0,0,0,4,5,0,7,0,> 
30 (1 2) <1,0,0,0,0,6,0,0,> <0,2,3,0,0,0,0,8,> <0,0,0,4,5,0,7,0,> 
31 (3 1) <1,0,0,0,5,6,0,0,> <0,2,3,0,0,0,0,8,> <0,0,0,4,0,0,7,0,> 
32 (3 2) <1,0,0,0,5,6,0,0,> <0,2,3,0,0,0,7,8,> <0,0,0,4,0,0,0,0,> 
33 (3 2) <1,0,0,0,5,6,0,0,> <0,2,3,4,0,0,7,8,> <0,0,0,0,0,0,0,0,> 
34 (1 3) <1,0,0,0,0,6,0,0,> <0,2,3,4,0,0,7,8,> <0,0,0,0,5,0,0,0,> 
35 (1 2) <1,0,0,0,0,0,0,0,> <0,2,3,4,0,6,7,8,> <0,0,0,0,5,0,0,0,> 
36 (3 2) <1,0,0,0,0,0,0,0,> <0,2,3,4,5,6,7,8,> <0,0,0,0,0,0,0,0,> 
37 (1 3) <0,0,0,0,0,0,0,0,> <0,2,3,4,5,6,7,8,> <1,0,0,0,0,0,0,0,> 
38 (2 1) <0,0,0,0,5,0,0,0,> <0,2,3,4,0,6,7,8,> <1,0,0,0,0,0,0,0,> 
39 (2 3) <0,0,0,0,5,0,0,0,> <0,2,3,4,0,0,7,8,> <1,0,0,0,0,6,0,0,> 
40 (1 3) <0,0,0,0,0,0,0,0,> <0,2,3,4,0,0,7,8,> <1,0,0,0,5,6,0,0,> 
41 (2 1) <0,0,0,4,0,0,0,0,> <0,2,3,0,0,0,7,8,> <1,0,0,0,5,6,0,0,> 
42 (2 1) <0,0,0,4,0,0,7,0,> <0,2,3,0,0,0,0,8,> <1,0,0,0,5,6,0,0,> 
43 (3 1) <0,0,0,4,5,0,7,0,> <0,2,3,0,0,0,0,8,> <1,0,0,0,0,6,0,0,> 
44 (2 3) <0,0,0,4,5,0,7,0,> <0,2,0,0,0,0,0,8,> <1,0,3,0,0,6,0,0,> 
45 (1 3) <0,0,0,4,0,0,7,0,> <0,2,0,0,0,0,0,8,> <1,0,3,0,5,6,0,0,> 
46 (1 2) <0,0,0,4,0,0,0,0,> <0,2,0,0,0,0,7,8,> <1,0,3,0,5,6,0,0,> 
47 (1 3) <0,0,0,0,0,0,0,0,> <0,2,0,0,0,0,7,8,> <1,0,3,4,5,6,0,0,> 
48 (2 1) <0,0,0,0,0,0,7,0,> <0,2,0,0,0,0,0,8,> <1,0,3,4,5,6,0,0,> 
49 (3 2) <0,0,0,0,0,0,7,0,> <0,2,0,4,0,0,0,8,> <1,0,3,0,5,6,0,0,> 
50 (1 2) <0,0,0,0,0,0,0,0,> <0,2,0,4,0,0,7,8,> <1,0,3,0,5,6,0,0,> 
51 (3 2) <0,0,0,0,0,0,0,0,> <0,2,0,4,5,0,7,8,> <1,0,3,0,0,6,0,0,> 
52 (3 1) <0,0,3,0,0,0,0,0,> <0,2,0,4,5,0,7,8,> <1,0,0,0,0,6,0,0,> 
53 (2 3) <0,0,3,0,0,0,0,0,> <0,2,0,4,0,0,7,8,> <1,0,0,0,5,6,0,0,> 
54 (2 1) <0,0,3,0,0,0,7,0,> <0,2,0,4,0,0,0,8,> <1,0,0,0,5,6,0,0,> 
55 (2 1) <0,0,3,4,0,0,7,0,> <0,2,0,0,0,0,0,8,> <1,0,0,0,5,6,0,0,> 
56 (3 2) <0,0,3,4,0,0,7,0,> <0,2,0,0,5,0,0,8,> <1,0,0,0,0,6,0,0,> 
57 (3 1) <0,0,3,4,0,6,7,0,> <0,2,0,0,5,0,0,8,> <1,0,0,0,0,0,0,0,> 
58 (2 1) <0,0,3,4,5,6,7,0,> <0,2,0,0,0,0,0,8,> <1,0,0,0,0,0,0,0,> 
59 (2 3) <0,0,3,4,5,6,7,0,> <0,2,0,0,0,0,0,0,> <1,0,0,0,0,0,0,8,> 
60 (2 3) <0,0,3,4,5,6,7,0,> <0,0,0,0,0,0,0,0,> <1,2,0,0,0,0,0,8,> 
61 (1 3) <0,0,3,4,0,6,7,0,> <0,0,0,0,0,0,0,0,> <1,2,0,0,5,0,0,8,> 
62 (1 2) <0,0,3,4,0,0,7,0,> <0,0,0,0,0,6,0,0,> <1,2,0,0,5,0,0,8,> 
63 (1 3) <0,0,3,0,0,0,7,0,> <0,0,0,0,0,6,0,0,> <1,2,0,4,5,0,0,8,> 
64 (2 1) <0,0,3,0,0,6,7,0,> <0,0,0,0,0,0,0,0,> <1,2,0,4,5,0,0,8,> 
65 (3 2) <0,0,3,0,0,6,7,0,> <0,0,0,4,0,0,0,0,> <1,2,0,0,5,0,0,8,> 
66 (1 2) <0,0,3,0,0,0,7,0,> <0,0,0,4,0,6,0,0,> <1,2,0,0,5,0,0,8,> 
67 (3 2) <0,0,3,0,0,0,7,0,> <0,0,0,4,5,6,0,0,> <1,2,0,0,0,0,0,8,> 
68 (1 3) <0,0,3,0,0,0,0,0,> <0,0,0,4,5,6,0,0,> <1,2,0,0,0,0,7,8,> 
69 (1 3) <0,0,0,0,0,0,0,0,> <0,0,0,4,5,6,0,0,> <1,2,3,0,0,0,7,8,> 
70 (2 1) <0,0,0,0,5,0,0,0,> <0,0,0,4,0,6,0,0,> <1,2,3,0,0,0,7,8,> 
71 (2 3) <0,0,0,0,5,0,0,0,> <0,0,0,4,0,0,0,0,> <1,2,3,0,0,6,7,8,> 
72 (2 3) <0,0,0,0,5,0,0,0,> <0,0,0,0,0,0,0,0,> <1,2,3,4,0,6,7,8,> 
73 (1 3) <0,0,0,0,0,0,0,0,> <0,0,0,0,0,0,0,0,> <1,2,3,4,5,6,7,8,> 
