0 <1,2,3,4,5,6,7,8,> <0,0,0,0,0,0,0,0,> <0,0,0,0,0,0,0,0,> 
1 (1 3) <1,2,3,4,0,6,7,8,> <0,0,0,0,0,0,0,0,> <0,0,0,0,5,0,0,0,> 
2 (1 2) <1,2,3,0,0,6,7,8,> <0,0,0,4,0,0,0,0,> <0,0,0,0,5,0,0,0,> 
3 (1 2) <1,2,3,0,0,0,7,8,> <0,0,0,4,0,6,0,0,> <0,0,0,0,5,0,0,0,> 
4 (3 2) <1,2,3,0,0,0,7,8,> <0,0,0,4,5,6,0,0,> <0,0,0,0,0,0,0,0,> 
5 (1 3) <1,2,0,0,0,0,7,8,> <0,0,0,4,5,6,0,0,> <0,0,3,0,0,0,0,0,> 
6 (1 3) <1,2,0,0,0,0,0,8,> <0,0,0,4,5,6,0,0,> <0,0,3,0,0,0,7,0,> 
7 (2 3) <1,2,0,0,0,0,0,8,> <0,0,0,4,0,6,0,0,> <0,0,3,0,5,0,7,0,> 
8 (2 1) <1,2,0,0,0,6,0,8,> <0,0,0,4,0,0,0,0,> <0,0,3,0,5,0,7,0,> 
9 (2 1) <1,2,0,4,0,6,0,8,> <0,0,0,0,0,0,0,0,> <0,0,3,0,5,0,7,0,> 
10 (3 2) <1,2,0,4,0,6,0,8,> <0,0,0,0,5,0,0,0,> <0,0,3,0,0,0,7,0,> 
11 (1 3) <1,2,0,0,0,6,0,8,> <0,0,0,0,5,0,0,0,> <0,0,3,4,0,0,7,0,> 
12 (1 3) <1,2,0,0,0,0,0,8,> <0,0,0,0,5,0,0,0,> <0,0,3,4,0,6,7,0,> 
13 (2 3) <1,2,0,0,0,0,0,8,> <0,0,0,0,0,0,0,0,> <0,0,3,4,5,6,7,0,> 
14 (1 2) <1,0,0,0,0,0,0,8,> <0,2,0,0,0,0,0,0,> <0,0,3,4,5,6,7,0,> 
15 (1 2) <1,0,0,0,0,0,0,0,> <0,2,0,0,0,0,0,8,> <0,0,3,4,5,6,7,0,>
16 (3 2) <1,0,0,0,0,0,0,0,> <0,2,0,0,5,0,0,8,> <0,0,3,4,0,6,7,0,> 
17 (3 1) <1,0,0,0,0,6,0,0,> <0,2,0,0,5,0,0,8,> <0,0,3,4,0,0,7,0,> 
18 (3 1) <1,0,0,4,0,6,0,0,> <0,2,0,0,5,0,0,8,> <0,0,3,0,0,0,7,0,>
19 (2 3) <1,0,0,4,0,6,0,0,> <0,2,0,0,0,0,0,8,> <0,0,3,0,5,0,7,0,> 
20 (1 2) <1,0,0,0,0,6,0,0,> <0,2,0,4,0,0,0,8,> <0,0,3,0,5,0,7,0,> 
21 (1 2) <1,0,0,0,0,0,0,0,> <0,2,0,4,0,6,0,8,> <0,0,3,0,5,0,7,0,> 
22 (3 2) <1,0,0,0,0,0,0,0,> <0,2,0,4,5,6,0,8,> <0,0,3,0,0,0,7,0,> 
23 (3 1) <1,0,0,0,0,0,7,0,> <0,2,0,4,5,6,0,8,> <0,0,3,0,0,0,0,0,> 
24 (3 1) <1,0,3,0,0,0,7,0,> <0,2,0,4,5,6,0,8,> <0,0,0,0,0,0,0,0,>
25 (2 3) <1,0,3,0,0,0,7,0,> <0,2,0,4,0,6,0,8,> <0,0,0,0,5,0,0,0,> 
26 (2 1) <1,0,3,0,0,6,7,0,> <0,2,0,4,0,0,0,8,> <0,0,0,0,5,0,0,0,> 
27 (2 1) <1,0,3,4,0,6,7,0,> <0,2,0,0,0,0,0,8,> <0,0,0,0,5,0,0,0,> 
28 (3 2) <1,0,3,4,0,6,7,0,> <0,2,0,0,5,0,0,8,> <0,0,0,0,0,0,0,0,> 
29 (1 3) <1,0,3,0,0,6,7,0,> <0,2,0,0,5,0,0,8,> <0,0,0,4,0,0,0,0,> 
30 (1 3) <1,0,3,0,0,0,7,0,> <0,2,0,0,5,0,0,8,> <0,0,0,4,0,6,0,0,> 
31 (2 3) <1,0,3,0,0,0,7,0,> <0,2,0,0,0,0,0,8,> <0,0,0,4,5,6,0,0,> 
32 (1 2) <1,0,0,0,0,0,7,0,> <0,2,3,0,0,0,0,8,> <0,0,0,4,5,6,0,0,> 
33 (1 2) <1,0,0,0,0,0,0,0,> <0,2,3,0,0,0,7,8,> <0,0,0,4,5,6,0,0,>
34 (3 2) <1,0,0,0,0,0,0,0,> <0,2,3,0,5,0,7,8,> <0,0,0,4,0,6,0,0,> 
35 (3 1) <1,0,0,0,0,6,0,0,> <0,2,3,0,5,0,7,8,> <0,0,0,4,0,0,0,0,> 
36 (3 1) <1,0,0,4,0,6,0,0,> <0,2,3,0,5,0,7,8,> <0,0,0,0,0,0,0,0,>
37 (2 3) <1,0,0,4,0,6,0,0,> <0,2,3,0,0,0,7,8,> <0,0,0,0,5,0,0,0,> 
38 (1 2) <1,0,0,0,0,6,0,0,> <0,2,3,4,0,0,7,8,> <0,0,0,0,5,0,0,0,> 
39 (1 2) <1,0,0,0,0,0,0,0,> <0,2,3,4,0,6,7,8,> <0,0,0,0,5,0,0,0,> 
40 (3 2) <1,0,0,0,0,0,0,0,> <0,2,3,4,5,6,7,8,> <0,0,0,0,0,0,0,0,>
41 (1 3) <0,0,0,0,0,0,0,0,> <0,2,3,4,5,6,7,8,> <1,0,0,0,0,0,0,0,>
42 (2 1) <0,0,0,0,5,0,0,0,> <0,2,3,4,0,6,7,8,> <1,0,0,0,0,0,0,0,> 
43 (2 3) <0,0,0,0,5,0,0,0,> <0,2,3,4,0,0,7,8,> <1,0,0,0,0,6,0,0,> 
44 (2 3) <0,0,0,0,5,0,0,0,> <0,2,3,0,0,0,7,8,> <1,0,0,4,0,6,0,0,> 
45 (1 2) <0,0,0,0,0,0,0,0,> <0,2,3,0,5,0,7,8,> <1,0,0,4,0,6,0,0,> 
46 (3 1) <0,0,0,4,0,0,0,0,> <0,2,3,0,5,0,7,8,> <1,0,0,0,0,6,0,0,> 
47 (3 1) <0,0,0,4,0,6,0,0,> <0,2,3,0,5,0,7,8,> <1,0,0,0,0,0,0,0,> 
48 (2 1) <0,0,0,4,5,6,0,0,> <0,2,3,0,0,0,7,8,> <1,0,0,0,0,0,0,0,> 
49 (2 3) <0,0,0,4,5,6,0,0,> <0,2,3,0,0,0,0,8,> <1,0,0,0,0,0,7,0,> 
50 (2 3) <0,0,0,4,5,6,0,0,> <0,2,0,0,0,0,0,8,> <1,0,3,0,0,0,7,0,> 
51 (1 2) <0,0,0,4,0,6,0,0,> <0,2,0,0,5,0,0,8,> <1,0,3,0,0,0,7,0,> 
52 (1 3) <0,0,0,4,0,0,0,0,> <0,2,0,0,5,0,0,8,> <1,0,3,0,0,6,7,0,> 
53 (1 3) <0,0,0,0,0,0,0,0,> <0,2,0,0,5,0,0,8,> <1,0,3,4,0,6,7,0,> 
54 (2 1) <0,0,0,0,5,0,0,0,> <0,2,0,0,0,0,0,8,> <1,0,3,4,0,6,7,0,> 
55 (3 2) <0,0,0,0,5,0,0,0,> <0,2,0,4,0,0,0,8,> <1,0,3,0,0,6,7,0,> 
56 (3 2) <0,0,0,0,5,0,0,0,> <0,2,0,4,0,6,0,8,> <1,0,3,0,0,0,7,0,> 
57 (1 2) <0,0,0,0,0,0,0,0,> <0,2,0,4,5,6,0,8,> <1,0,3,0,0,0,7,0,> 
58 (3 1) <0,0,3,0,0,0,0,0,> <0,2,0,4,5,6,0,8,> <1,0,0,0,0,0,7,0,> 
59 (3 1) <0,0,3,0,0,0,7,0,> <0,2,0,4,5,6,0,8,> <1,0,0,0,0,0,0,0,> 
60 (2 1) <0,0,3,0,5,0,7,0,> <0,2,0,4,0,6,0,8,> <1,0,0,0,0,0,0,0,> 
61 (2 3) <0,0,3,0,5,0,7,0,> <0,2,0,4,0,0,0,8,> <1,0,0,0,0,6,0,0,> 
62 (2 3) <0,0,3,0,5,0,7,0,> <0,2,0,0,0,0,0,8,> <1,0,0,4,0,6,0,0,> 
63 (1 2) <0,0,3,0,0,0,7,0,> <0,2,0,0,5,0,0,8,> <1,0,0,4,0,6,0,0,> 
64 (3 1) <0,0,3,4,0,0,7,0,> <0,2,0,0,5,0,0,8,> <1,0,0,0,0,6,0,0,> 
65 (3 1) <0,0,3,4,0,6,7,0,> <0,2,0,0,5,0,0,8,> <1,0,0,0,0,0,0,0,> 
66 (2 1) <0,0,3,4,5,6,7,0,> <0,2,0,0,0,0,0,8,> <1,0,0,0,0,0,0,0,> 
67 (2 3) <0,0,3,4,5,6,7,0,> <0,2,0,0,0,0,0,0,> <1,0,0,0,0,0,0,8,> 
68 (2 3) <0,0,3,4,5,6,7,0,> <0,0,0,0,0,0,0,0,> <1,2,0,0,0,0,0,8,> 
69 (1 2) <0,0,3,4,0,6,7,0,> <0,0,0,0,5,0,0,0,> <1,2,0,0,0,0,0,8,> 
70 (1 3) <0,0,3,4,0,0,7,0,> <0,0,0,0,5,0,0,0,> <1,2,0,0,0,6,0,8,> 
71 (1 3) <0,0,3,0,0,0,7,0,> <0,0,0,0,5,0,0,0,> <1,2,0,4,0,6,0,8,> 
72 (2 1) <0,0,3,0,5,0,7,0,> <0,0,0,0,0,0,0,0,> <1,2,0,4,0,6,0,8,> 
73 (3 2) <0,0,3,0,5,0,7,0,> <0,0,0,4,0,0,0,0,> <1,2,0,0,0,6,0,8,> 
74 (3 2) <0,0,3,0,5,0,7,0,> <0,0,0,4,0,6,0,0,> <1,2,0,0,0,0,0,8,> 
75 (1 2) <0,0,3,0,0,0,7,0,> <0,0,0,4,5,6,0,0,> <1,2,0,0,0,0,0,8,> 
76 (1 3) <0,0,3,0,0,0,0,0,> <0,0,0,4,5,6,0,0,> <1,2,0,0,0,0,7,8,> 
77 (1 3) <0,0,0,0,0,0,0,0,> <0,0,0,4,5,6,0,0,> <1,2,3,0,0,0,7,8,> 
78 (2 1) <0,0,0,0,5,0,0,0,> <0,0,0,4,0,6,0,0,> <1,2,3,0,0,0,7,8,> 
79 (2 3) <0,0,0,0,5,0,0,0,> <0,0,0,4,0,0,0,0,> <1,2,3,0,0,6,7,8,> 
80 (2 3) <0,0,0,0,5,0,0,0,> <0,0,0,0,0,0,0,0,> <1,2,3,4,0,6,7,8,> 
81 (1 3) <0,0,0,0,0,0,0,0,> <0,0,0,0,0,0,0,0,> <1,2,3,4,5,6,7,8,> 
