0 <1,2,3,4,5,6,7,8,9,> <0,0,0,0,0,0,0,0,0,> <0,0,0,0,0,0,0,0,0,> 
1 (1 3) <1,2,3,4,0,6,7,8,9,> <0,0,0,0,0,0,0,0,0,> <0,0,0,0,5,0,0,0,0,> 
2 (1 3) <1,2,3,4,0,0,7,8,9,> <0,0,0,0,0,0,0,0,0,> <0,0,0,0,5,6,0,0,0,> 
3 (1 2) <1,2,3,0,0,0,7,8,9,> <0,0,0,4,0,0,0,0,0,> <0,0,0,0,5,6,0,0,0,> 
4 (1 2) <1,2,3,0,0,0,0,8,9,> <0,0,0,4,0,0,7,0,0,> <0,0,0,0,5,6,0,0,0,> 
5 (3 1) <1,2,3,0,0,6,0,8,9,> <0,0,0,4,0,0,7,0,0,> <0,0,0,0,5,0,0,0,0,> 
6 (3 2) <1,2,3,0,0,6,0,8,9,> <0,0,0,4,5,0,7,0,0,> <0,0,0,0,0,0,0,0,0,> 
7 (1 2) <1,2,3,0,0,0,0,8,9,> <0,0,0,4,5,6,7,0,0,> <0,0,0,0,0,0,0,0,0,> 
8 (1 3) <1,2,0,0,0,0,0,8,9,> <0,0,0,4,5,6,7,0,0,> <0,0,3,0,0,0,0,0,0,> 
9 (1 3) <1,2,0,0,0,0,0,0,9,> <0,0,0,4,5,6,7,0,0,> <0,0,3,0,0,0,0,8,0,> 
10 (2 1) <1,2,0,0,0,6,0,0,9,> <0,0,0,4,5,0,7,0,0,> <0,0,3,0,0,0,0,8,0,> 
11 (2 3) <1,2,0,0,0,6,0,0,9,> <0,0,0,4,0,0,7,0,0,> <0,0,3,0,5,0,0,8,0,> 
12 (2 3) <1,2,0,0,0,6,0,0,9,> <0,0,0,4,0,0,0,0,0,> <0,0,3,0,5,0,7,8,0,> 
13 (2 1) <1,2,0,4,0,6,0,0,9,> <0,0,0,0,0,0,0,0,0,> <0,0,3,0,5,0,7,8,0,> 
14 (3 2) <1,2,0,4,0,6,0,0,9,> <0,0,0,0,0,0,7,0,0,> <0,0,3,0,5,0,0,8,0,> 
15 (3 1) <1,2,0,4,5,6,0,0,9,> <0,0,0,0,0,0,7,0,0,> <0,0,3,0,0,0,0,8,0,> 
16 (2 3) <1,2,0,4,5,6,0,0,9,> <0,0,0,0,0,0,0,0,0,> <0,0,3,0,0,0,7,8,0,> 
17 (1 2) <1,2,0,4,0,6,0,0,9,> <0,0,0,0,5,0,0,0,0,> <0,0,3,0,0,0,7,8,0,> 
18 (3 2) <1,2,0,4,0,6,0,0,9,> <0,0,0,0,5,0,7,0,0,> <0,0,3,0,0,0,0,8,0,> 
19 (1 3) <1,2,0,0,0,6,0,0,9,> <0,0,0,0,5,0,7,0,0,> <0,0,3,4,0,0,0,8,0,> 
20 (2 3) <1,2,0,0,0,6,0,0,9,> <0,0,0,0,5,0,0,0,0,> <0,0,3,4,0,0,7,8,0,> 
21 (2 3) <1,2,0,0,0,6,0,0,9,> <0,0,0,0,0,0,0,0,0,> <0,0,3,4,5,0,7,8,0,> 
22 (1 3) <1,2,0,0,0,0,0,0,9,> <0,0,0,0,0,0,0,0,0,> <0,0,3,4,5,6,7,8,0,> 

23 (1 2) <1,0,0,0,0,0,0,0,9,> <0,2,0,0,0,0,0,0,0,> <0,0,3,4,5,6,7,8,0,> 
24 (1 2) <1,0,0,0,0,0,0,0,0,> <0,2,0,0,0,0,0,0,9,> <0,0,3,4,5,6,7,8,0,> 

25 (3 2) <1,0,0,0,0,0,0,0,0,> <0,2,0,0,0,6,0,0,9,> <0,0,3,4,5,0,7,8,0,> 
26 (3 1) <1,0,0,0,5,0,0,0,0,> <0,2,0,0,0,6,0,0,9,> <0,0,3,4,0,0,7,8,0,> 
27 (3 2) <1,0,0,0,5,0,0,0,0,> <0,2,0,0,0,6,7,0,9,> <0,0,3,4,0,0,0,8,0,> 
28 (1 3) <1,0,0,0,0,0,0,0,0,> <0,2,0,0,0,6,7,0,9,> <0,0,3,4,5,0,0,8,0,> 
29 (2 1) <1,0,0,0,0,0,7,0,0,> <0,2,0,0,0,6,0,0,9,> <0,0,3,4,5,0,0,8,0,> 
30 (3 1) <1,0,0,0,5,0,7,0,0,> <0,2,0,0,0,6,0,0,9,> <0,0,3,4,0,0,0,8,0,> 
31 (2 1) <1,0,0,0,5,6,7,0,0,> <0,2,0,0,0,0,0,0,9,> <0,0,3,4,0,0,0,8,0,> 
32 (3 2) <1,0,0,0,5,6,7,0,0,> <0,2,0,4,0,0,0,0,9,> <0,0,3,0,0,0,0,8,0,> 
33 (3 2) <1,0,0,0,5,6,7,0,0,> <0,2,0,4,0,0,0,8,9,> <0,0,3,0,0,0,0,0,0,> 

34 (1 3) <1,0,0,0,5,0,7,0,0,> <0,2,0,4,0,0,0,8,9,> <0,0,3,0,0,6,0,0,0,> 
35 (1 2) <1,0,0,0,0,0,7,0,0,> <0,2,0,4,5,0,0,8,9,> <0,0,3,0,0,6,0,0,0,> 
36 (3 2) <1,0,0,0,0,0,7,0,0,> <0,2,0,4,5,6,0,8,9,> <0,0,3,0,0,0,0,0,0,> 
37 (3 1) <1,0,3,0,0,0,7,0,0,> <0,2,0,4,5,6,0,8,9,> <0,0,0,0,0,0,0,0,0,>
 
38 (2 1) <1,0,3,0,0,6,7,0,0,> <0,2,0,4,5,0,0,8,9,> <0,0,0,0,0,0,0,0,0,> 
39 (2 3) <1,0,3,0,0,6,7,0,0,> <0,2,0,4,0,0,0,8,9,> <0,0,0,0,5,0,0,0,0,> 
40 (2 3) <1,0,3,0,0,6,7,0,0,> <0,2,0,4,0,0,0,0,9,> <0,0,0,0,5,0,0,8,0,> 
41 (2 1) <1,0,3,4,0,6,7,0,0,> <0,2,0,0,0,0,0,0,9,> <0,0,0,0,5,0,0,8,0,> 
42 (3 2) <1,0,3,4,0,6,7,0,0,> <0,2,0,0,0,0,0,8,9,> <0,0,0,0,5,0,0,0,0,> 
43 (3 1) <1,0,3,4,5,6,7,0,0,> <0,2,0,0,0,0,0,8,9,> <0,0,0,0,0,0,0,0,0,> 

44 (2 3) <1,0,3,4,5,6,7,0,0,> <0,2,0,0,0,0,0,0,9,> <0,0,0,0,0,0,0,8,0,> 
45 (1 2) <1,0,3,4,0,6,7,0,0,> <0,2,0,0,5,0,0,0,9,> <0,0,0,0,0,0,0,8,0,> 
46 (3 2) <1,0,3,4,0,6,7,0,0,> <0,2,0,0,5,0,0,8,9,> <0,0,0,0,0,0,0,0,0,> 
47 (1 3) <1,0,3,0,0,6,7,0,0,> <0,2,0,0,5,0,0,8,9,> <0,0,0,4,0,0,0,0,0,> 
48 (2 3) <1,0,3,0,0,6,7,0,0,> <0,2,0,0,5,0,0,0,9,> <0,0,0,4,0,0,0,8,0,> 
49 (2 3) <1,0,3,0,0,6,7,0,0,> <0,2,0,0,0,0,0,0,9,> <0,0,0,4,5,0,0,8,0,> 
50 (1 3) <1,0,3,0,0,0,7,0,0,> <0,2,0,0,0,0,0,0,9,> <0,0,0,4,5,6,0,8,0,> 
51 (1 2) <1,0,0,0,0,0,7,0,0,> <0,2,3,0,0,0,0,0,9,> <0,0,0,4,5,6,0,8,0,> 
52 (3 2) <1,0,0,0,0,0,7,0,0,> <0,2,3,0,0,6,0,0,9,> <0,0,0,4,5,0,0,8,0,> 
53 (3 1) <1,0,0,0,5,0,7,0,0,> <0,2,3,0,0,6,0,0,9,> <0,0,0,4,0,0,0,8,0,> 
54 (2 1) <1,0,0,0,5,6,7,0,0,> <0,2,3,0,0,0,0,0,9,> <0,0,0,4,0,0,0,8,0,> 
55 (3 2) <1,0,0,0,5,6,7,0,0,> <0,2,3,0,0,0,0,8,9,> <0,0,0,4,0,0,0,0,0,> 
56 (3 2) <1,0,0,0,5,6,7,0,0,> <0,2,3,4,0,0,0,8,9,> <0,0,0,0,0,0,0,0,0,> 
57 (1 3) <1,0,0,0,5,0,7,0,0,> <0,2,3,4,0,0,0,8,9,> <0,0,0,0,0,6,0,0,0,> 
58 (1 2) <1,0,0,0,0,0,7,0,0,> <0,2,3,4,5,0,0,8,9,> <0,0,0,0,0,6,0,0,0,> 
59 (1 3) <1,0,0,0,0,0,0,0,0,> <0,2,3,4,5,0,0,8,9,> <0,0,0,0,0,6,7,0,0,> 
60 (2 1) <1,0,0,0,5,0,0,0,0,> <0,2,3,4,0,0,0,8,9,> <0,0,0,0,0,6,7,0,0,> 
61 (3 2) <1,0,0,0,5,0,0,0,0,> <0,2,3,4,0,0,7,8,9,> <0,0,0,0,0,6,0,0,0,> 
62 (1 2) <1,0,0,0,0,0,0,0,0,> <0,2,3,4,5,0,7,8,9,> <0,0,0,0,0,6,0,0,0,> 

63 (3 2) <1,0,0,0,0,0,0,0,0,> <0,2,3,4,5,6,7,8,9,> <0,0,0,0,0,0,0,0,0,> 
64 (1 3) <0,0,0,0,0,0,0,0,0,> <0,2,3,4,5,6,7,8,9,> <1,0,0,0,0,0,0,0,0,>

65 (2 1) <0,0,0,0,0,6,0,0,0,> <0,2,3,4,5,0,7,8,9,> <1,0,0,0,0,0,0,0,0,> 
66 (2 3) <0,0,0,0,0,6,0,0,0,> <0,2,3,4,0,0,7,8,9,> <1,0,0,0,5,0,0,0,0,> 
67 (2 1) <0,0,0,0,0,6,7,0,0,> <0,2,3,4,0,0,0,8,9,> <1,0,0,0,5,0,0,0,0,> 
68 (3 2) <0,0,0,0,0,6,7,0,0,> <0,2,3,4,5,0,0,8,9,> <1,0,0,0,0,0,0,0,0,> 
69 (1 3) <0,0,0,0,0,6,0,0,0,> <0,2,3,4,5,0,0,8,9,> <1,0,0,0,0,0,7,0,0,> 
70 (2 3) <0,0,0,0,0,6,0,0,0,> <0,2,3,4,0,0,0,8,9,> <1,0,0,0,5,0,7,0,0,> 
71 (1 3) <0,0,0,0,0,0,0,0,0,> <0,2,3,4,0,0,0,8,9,> <1,0,0,0,5,6,7,0,0,> 
72 (2 1) <0,0,0,4,0,0,0,0,0,> <0,2,3,0,0,0,0,8,9,> <1,0,0,0,5,6,7,0,0,> 
73 (2 1) <0,0,0,4,0,0,0,8,0,> <0,2,3,0,0,0,0,0,9,> <1,0,0,0,5,6,7,0,0,> 
74 (3 2) <0,0,0,4,0,0,0,8,0,> <0,2,3,0,0,6,0,0,9,> <1,0,0,0,5,0,7,0,0,> 
75 (3 1) <0,0,0,4,5,0,0,8,0,> <0,2,3,0,0,6,0,0,9,> <1,0,0,0,0,0,7,0,0,> 
76 (2 1) <0,0,0,4,5,6,0,8,0,> <0,2,3,0,0,0,0,0,9,> <1,0,0,0,0,0,7,0,0,> 
77 (2 3) <0,0,0,4,5,6,0,8,0,> <0,2,0,0,0,0,0,0,9,> <1,0,3,0,0,0,7,0,0,> 
78 (1 3) <0,0,0,4,5,0,0,8,0,> <0,2,0,0,0,0,0,0,9,> <1,0,3,0,0,6,7,0,0,> 
79 (1 2) <0,0,0,4,0,0,0,8,0,> <0,2,0,0,5,0,0,0,9,> <1,0,3,0,0,6,7,0,0,> 
80 (1 2) <0,0,0,4,0,0,0,0,0,> <0,2,0,0,5,0,0,8,9,> <1,0,3,0,0,6,7,0,0,> 
81 (1 3) <0,0,0,0,0,0,0,0,0,> <0,2,0,0,5,0,0,8,9,> <1,0,3,4,0,6,7,0,0,> 
82 (2 1) <0,0,0,0,0,0,0,8,0,> <0,2,0,0,5,0,0,0,9,> <1,0,3,4,0,6,7,0,0,> 
83 (2 3) <0,0,0,0,0,0,0,8,0,> <0,2,0,0,0,0,0,0,9,> <1,0,3,4,5,6,7,0,0,> 
84 (1 2) <0,0,0,0,0,0,0,0,0,> <0,2,0,0,0,0,0,8,9,> <1,0,3,4,5,6,7,0,0,> 
85 (3 1) <0,0,0,0,5,0,0,0,0,> <0,2,0,0,0,0,0,8,9,> <1,0,3,4,0,6,7,0,0,> 
86 (2 1) <0,0,0,0,5,0,0,8,0,> <0,2,0,0,0,0,0,0,9,> <1,0,3,4,0,6,7,0,0,> 
87 (3 2) <0,0,0,0,5,0,0,8,0,> <0,2,0,4,0,0,0,0,9,> <1,0,3,0,0,6,7,0,0,> 
88 (1 2) <0,0,0,0,5,0,0,0,0,> <0,2,0,4,0,0,0,8,9,> <1,0,3,0,0,6,7,0,0,> 
89 (1 2) <0,0,0,0,0,0,0,0,0,> <0,2,0,4,5,0,0,8,9,> <1,0,3,0,0,6,7,0,0,> 
90 (3 2) <0,0,0,0,0,0,0,0,0,> <0,2,0,4,5,6,0,8,9,> <1,0,3,0,0,0,7,0,0,> 
91 (3 1) <0,0,3,0,0,0,0,0,0,> <0,2,0,4,5,6,0,8,9,> <1,0,0,0,0,0,7,0,0,> 
92 (2 1) <0,0,3,0,0,6,0,0,0,> <0,2,0,4,5,0,0,8,9,> <1,0,0,0,0,0,7,0,0,> 
93 (2 3) <0,0,3,0,0,6,0,0,0,> <0,2,0,4,0,0,0,8,9,> <1,0,0,0,5,0,7,0,0,> 
94 (1 3) <0,0,3,0,0,0,0,0,0,> <0,2,0,4,0,0,0,8,9,> <1,0,0,0,5,6,7,0,0,> 
95 (2 1) <0,0,3,0,0,0,0,8,0,> <0,2,0,4,0,0,0,0,9,> <1,0,0,0,5,6,7,0,0,> 
96 (2 1) <0,0,3,4,0,0,0,8,0,> <0,2,0,0,0,0,0,0,9,> <1,0,0,0,5,6,7,0,0,> 
97 (3 2) <0,0,3,4,0,0,0,8,0,> <0,2,0,0,0,6,0,0,9,> <1,0,0,0,5,0,7,0,0,> 
98 (3 1) <0,0,3,4,5,0,0,8,0,> <0,2,0,0,0,6,0,0,9,> <1,0,0,0,0,0,7,0,0,> 
99 (3 2) <0,0,3,4,5,0,0,8,0,> <0,2,0,0,0,6,7,0,9,> <1,0,0,0,0,0,0,0,0,> 
100 (1 3) <0,0,3,4,0,0,0,8,0,> <0,2,0,0,0,6,7,0,9,> <1,0,0,0,5,0,0,0,0,> 
101 (2 1) <0,0,3,4,0,0,7,8,0,> <0,2,0,0,0,6,0,0,9,> <1,0,0,0,5,0,0,0,0,> 
102 (3 1) <0,0,3,4,5,0,7,8,0,> <0,2,0,0,0,6,0,0,9,> <1,0,0,0,0,0,0,0,0,> 
103 (2 1) <0,0,3,4,5,6,7,8,0,> <0,2,0,0,0,0,0,0,9,> <1,0,0,0,0,0,0,0,0,> 
104 (2 3) <0,0,3,4,5,6,7,8,0,> <0,2,0,0,0,0,0,0,0,> <1,0,0,0,0,0,0,0,9,> 
105 (2 3) <0,0,3,4,5,6,7,8,0,> <0,0,0,0,0,0,0,0,0,> <1,2,0,0,0,0,0,0,9,> 
106 (1 3) <0,0,3,4,5,0,7,8,0,> <0,0,0,0,0,0,0,0,0,> <1,2,0,0,0,6,0,0,9,> 
107 (1 2) <0,0,3,4,0,0,7,8,0,> <0,0,0,0,5,0,0,0,0,> <1,2,0,0,0,6,0,0,9,> 
108 (1 2) <0,0,3,4,0,0,0,8,0,> <0,0,0,0,5,0,7,0,0,> <1,2,0,0,0,6,0,0,9,> 
109 (1 3) <0,0,3,0,0,0,0,8,0,> <0,0,0,0,5,0,7,0,0,> <1,2,0,4,0,6,0,0,9,> 
110 (2 1) <0,0,3,0,0,0,7,8,0,> <0,0,0,0,5,0,0,0,0,> <1,2,0,4,0,6,0,0,9,> 
111 (2 3) <0,0,3,0,0,0,7,8,0,> <0,0,0,0,0,0,0,0,0,> <1,2,0,4,5,6,0,0,9,> 
112 (1 2) <0,0,3,0,0,0,0,8,0,> <0,0,0,0,0,0,7,0,0,> <1,2,0,4,5,6,0,0,9,> 
113 (3 1) <0,0,3,0,5,0,0,8,0,> <0,0,0,0,0,0,7,0,0,> <1,2,0,4,0,6,0,0,9,> 
114 (2 1) <0,0,3,0,5,0,7,8,0,> <0,0,0,0,0,0,0,0,0,> <1,2,0,4,0,6,0,0,9,> 
115 (3 2) <0,0,3,0,5,0,7,8,0,> <0,0,0,4,0,0,0,0,0,> <1,2,0,0,0,6,0,0,9,> 
116 (1 2) <0,0,3,0,5,0,0,8,0,> <0,0,0,4,0,0,7,0,0,> <1,2,0,0,0,6,0,0,9,> 
117 (1 2) <0,0,3,0,0,0,0,8,0,> <0,0,0,4,5,0,7,0,0,> <1,2,0,0,0,6,0,0,9,> 
118 (3 2) <0,0,3,0,0,0,0,8,0,> <0,0,0,4,5,6,7,0,0,> <1,2,0,0,0,0,0,0,9,> 
119 (1 3) <0,0,3,0,0,0,0,0,0,> <0,0,0,4,5,6,7,0,0,> <1,2,0,0,0,0,0,8,9,> 
120 (1 3) <0,0,0,0,0,0,0,0,0,> <0,0,0,4,5,6,7,0,0,> <1,2,3,0,0,0,0,8,9,> 
121 (2 3) <0,0,0,0,0,0,0,0,0,> <0,0,0,4,5,0,7,0,0,> <1,2,3,0,0,6,0,8,9,> 
122 (2 1) <0,0,0,0,5,0,0,0,0,> <0,0,0,4,0,0,7,0,0,> <1,2,3,0,0,6,0,8,9,> 
123 (3 1) <0,0,0,0,5,6,0,0,0,> <0,0,0,4,0,0,7,0,0,> <1,2,3,0,0,0,0,8,9,> 
124 (2 3) <0,0,0,0,5,6,0,0,0,> <0,0,0,4,0,0,0,0,0,> <1,2,3,0,0,0,7,8,9,> 
125 (2 3) <0,0,0,0,5,6,0,0,0,> <0,0,0,0,0,0,0,0,0,> <1,2,3,4,0,0,7,8,9,> 
126 (1 3) <0,0,0,0,5,0,0,0,0,> <0,0,0,0,0,0,0,0,0,> <1,2,3,4,0,6,7,8,9,> 
127 (1 3) <0,0,0,0,0,0,0,0,0,> <0,0,0,0,0,0,0,0,0,> <1,2,3,4,5,6,7,8,9,> 
